In file included from ../src/bufferutil.cc:8:0:
/home/eden/.node-gyp/4.2.6/include/node/v8.h:336:1: error: expected unqualified-id before ‘using’
/home/eden/.node-gyp/4.2.6/include/node/v8.h:469:1: error: expected unqualified-id before ‘using’
/home/eden/.node-gyp/4.2.6/include/node/v8.h:852:1: error: expected unqualified-id before ‘using’
In file included from ../node_modules/nan/nan.h:182:0,
                 from ../src/bufferutil.cc:17:
../node_modules/nan/nan_maybe_43_inl.h:13:1: error: expected unqualified-id before ‘using’
../node_modules/nan/nan_maybe_43_inl.h:16:1: error: expected unqualified-id before ‘using’
../node_modules/nan/nan_maybe_43_inl.h:19:12: error: ‘Maybe’ does not name a type
../node_modules/nan/nan_maybe_43_inl.h:24:12: error: ‘Maybe’ does not name a type
../node_modules/nan/nan_maybe_43_inl.h:31:1: error: ‘MaybeLocal’ does not name a type
../node_modules/nan/nan_maybe_43_inl.h:36:1: error: ‘MaybeLocal’ does not name a type
../node_modules/nan/nan_maybe_43_inl.h:41:1: error: ‘Maybe’ does not name a type
../node_modules/nan/nan_maybe_43_inl.h:46:1: error: ‘MaybeLocal’ does not name a type
../node_modules/nan/nan_maybe_43_inl.h:51:1: error: ‘MaybeLocal’ does not name a type
../node_modules/nan/nan_maybe_43_inl.h:60:1: error: ‘MaybeLocal’ does not name a type
../node_modules/nan/nan_maybe_43_inl.h:65:12: error: ‘MaybeLocal’ does not name a type
../node_modules/nan/nan_maybe_43_inl.h:70:12: error: ‘Maybe’ does not name a type
../node_modules/nan/nan_maybe_43_inl.h:77:12: error: ‘Maybe’ does not name a type
../node_modules/nan/nan_maybe_43_inl.h:84:12: error: ‘Maybe’ does not name a type
../node_modules/nan/nan_maybe_43_inl.h:92:12: error: ‘MaybeLocal’ does not name a type
../node_modules/nan/nan_maybe_43_inl.h:99:1: error: ‘MaybeLocal’ does not name a type
../node_modules/nan/nan_maybe_43_inl.h:109:12: error: ‘Maybe’ does not name a type
../node_modules/nan/nan_maybe_43_inl.h:115:12: error: ‘Maybe’ does not name a type
../node_modules/nan/nan_maybe_43_inl.h:119:12: error: ‘Maybe’ does not name a type
../node_modules/nan/nan_maybe_43_inl.h:126:1: error: ‘Maybe’ does not name a type
../node_modules/nan/nan_maybe_43_inl.h:131:1: error: ‘MaybeLocal’ does not name a type
../node_modules/nan/nan_maybe_43_inl.h:136:1: error: ‘MaybeLocal’ does not name a type
../node_modules/nan/nan_maybe_43_inl.h:140:12: error: ‘Maybe’ does not name a type
../node_modules/nan/nan_maybe_43_inl.h:146:12: error: ‘MaybeLocal’ does not name a type
../node_modules/nan/nan_maybe_43_inl.h:151:12: error: ‘Maybe’ does not name a type
../node_modules/nan/nan_maybe_43_inl.h:157:12: error: ‘Maybe’ does not name a type
../node_modules/nan/nan_maybe_43_inl.h:163:12: error: ‘Maybe’ does not name a type
../node_modules/nan/nan_maybe_43_inl.h:169:12: error: ‘Maybe’ does not name a type
../node_modules/nan/nan_maybe_43_inl.h:175:12: error: ‘MaybeLocal’ does not name a type
../node_modules/nan/nan_maybe_43_inl.h:181:12: error: ‘MaybeLocal’ does not name a type
../node_modules/nan/nan_maybe_43_inl.h:187:12: error: ‘MaybeLocal’ does not name a type
../node_modules/nan/nan_maybe_43_inl.h:195:12: error: ‘MaybeLocal’ does not name a type
../node_modules/nan/nan_maybe_43_inl.h:202:1: error: ‘MaybeLocal’ does not name a type
../node_modules/nan/nan_maybe_43_inl.h:206:12: error: ‘Maybe’ does not name a type
../node_modules/nan/nan_maybe_43_inl.h:210:12: error: ‘Maybe’ does not name a type
../node_modules/nan/nan_maybe_43_inl.h:214:12: error: ‘Maybe’ does not name a type
../node_modules/nan/nan_maybe_43_inl.h:218:12: error: ‘MaybeLocal’ does not name a type
In file included from ../node_modules/nan/nan.h:187:0,
                 from ../src/bufferutil.cc:17:
../node_modules/nan/nan_converters.h:14:11: error: ‘MaybeLocal’ does not name a type
../node_modules/nan/nan_converters.h:16:56: error: ‘Maybe’ does not name a type
../node_modules/nan/nan_converters.h:26:1: error: ‘return_t’ does not name a type
../node_modules/nan/nan_converters.h:27:1: error: ‘return_t’ does not name a type
../node_modules/nan/nan_converters.h:28:1: error: ‘return_t’ does not name a type
../node_modules/nan/nan_converters.h:29:1: error: ‘return_t’ does not name a type
../node_modules/nan/nan_converters.h:30:1: error: ‘return_t’ does not name a type
../node_modules/nan/nan_converters.h:31:1: error: ‘return_t’ does not name a type
../node_modules/nan/nan_converters.h:32:1: error: ‘return_t’ does not name a type
../node_modules/nan/nan_converters.h:42:1: error: ‘return_t’ does not name a type
../node_modules/nan/nan_converters.h:43:1: error: ‘return_t’ does not name a type
../node_modules/nan/nan_converters.h:44:1: error: ‘return_t’ does not name a type
../node_modules/nan/nan_converters.h:45:1: error: ‘return_t’ does not name a type
../node_modules/nan/nan_converters.h:46:1: error: ‘return_t’ does not name a type
In file included from ../node_modules/nan/nan_converters.h:59:0,
                 from ../node_modules/nan/nan.h:187,
                 from ../src/bufferutil.cc:17:
../node_modules/nan/nan_converters_43_inl.h:18:1: error: ‘return_t’ in ‘struct Nan::imp::ToFactory<v8::Boolean>’ does not name a type
../node_modules/nan/nan_converters_43_inl.h:19:1: error: ‘return_t’ in ‘struct Nan::imp::ToFactory<v8::Number>’ does not name a type
../node_modules/nan/nan_converters_43_inl.h:20:1: error: ‘return_t’ in ‘struct Nan::imp::ToFactory<v8::String>’ does not name a type
../node_modules/nan/nan_converters_43_inl.h:21:1: error: ‘return_t’ in ‘struct Nan::imp::ToFactory<v8::Object>’ does not name a type
../node_modules/nan/nan_converters_43_inl.h:22:1: error: ‘return_t’ in ‘struct Nan::imp::ToFactory<v8::Integer>’ does not name a type
../node_modules/nan/nan_converters_43_inl.h:23:1: error: ‘return_t’ in ‘struct Nan::imp::ToFactory<v8::Uint32>’ does not name a type
../node_modules/nan/nan_converters_43_inl.h:24:1: error: ‘return_t’ in ‘struct Nan::imp::ToFactory<v8::Int32>’ does not name a type
../node_modules/nan/nan_converters_43_inl.h:34:1: error: ‘return_t’ in ‘struct Nan::imp::ToFactory<bool>’ does not name a type
../node_modules/nan/nan_converters_43_inl.h:35:1: error: ‘return_t’ in ‘struct Nan::imp::ToFactory<double>’ does not name a type
../node_modules/nan/nan_converters_43_inl.h:36:1: error: ‘return_t’ in ‘struct Nan::imp::ToFactory<long int>’ does not name a type
../node_modules/nan/nan_converters_43_inl.h:37:1: error: ‘return_t’ in ‘struct Nan::imp::ToFactory<unsigned int>’ does not name a type
../node_modules/nan/nan_converters_43_inl.h:38:1: error: ‘return_t’ in ‘struct Nan::imp::ToFactory<int>’ does not name a type
In file included from ../node_modules/nan/nan.h:188:0,
                 from ../src/bufferutil.cc:17:
../node_modules/nan/nan_new.h: In function ‘v8::Local<T> Nan::imp::To(v8::Local<v8::Integer>) [with T = v8::Integer]’:
../node_modules/nan/nan_new.h:21:32: error: no matching function for call to ‘To(v8::Local<v8::Integer>&)’
../node_modules/nan/nan_new.h:21:32: note: candidate is:
../node_modules/nan/nan_converters.h:53:38: note: template<class T> typename Nan::imp::ToFactory::return_t Nan::To(v8::Local<v8::Value>)
../node_modules/nan/nan_new.h: In function ‘v8::Local<T> Nan::imp::To(v8::Local<v8::Integer>) [with T = v8::Int32]’:
../node_modules/nan/nan_new.h:28:30: error: no matching function for call to ‘To(v8::Local<v8::Integer>&)’
../node_modules/nan/nan_new.h:28:30: note: candidate is:
../node_modules/nan/nan_converters.h:53:38: note: template<class T> typename Nan::imp::ToFactory::return_t Nan::To(v8::Local<v8::Value>)
../node_modules/nan/nan_new.h: In function ‘v8::Local<T> Nan::imp::To(v8::Local<v8::Integer>) [with T = v8::Uint32]’:
../node_modules/nan/nan_new.h:35:31: error: no matching function for call to ‘To(v8::Local<v8::Integer>&)’
../node_modules/nan/nan_new.h:35:31: note: candidate is:
../node_modules/nan/nan_converters.h:53:38: note: template<class T> typename Nan::imp::ToFactory::return_t Nan::To(v8::Local<v8::Value>)
../node_modules/nan/nan_new.h: At global scope:
../node_modules/nan/nan_new.h:43:11: error: ‘MaybeLocal’ does not name a type
../node_modules/nan/nan_new.h:75:17: error: ‘return_t’ does not name a type
../node_modules/nan/nan_new.h:141:17: error: ‘return_t’ does not name a type
../node_modules/nan/nan_new.h:147:17: error: ‘return_t’ does not name a type
../node_modules/nan/nan_new.h:148:17: error: ‘return_t’ does not name a type
../node_modules/nan/nan_new.h:160:17: error: ‘return_t’ does not name a type
../node_modules/nan/nan_new.h:161:17: error: ‘return_t’ does not name a type
../node_modules/nan/nan_new.h:162:17: error: ‘return_t’ does not name a type
../node_modules/nan/nan_new.h:163:17: error: ‘return_t’ does not name a type
../node_modules/nan/nan_new.h:165:17: error: ‘return_t’ does not name a type
../node_modules/nan/nan_new.h:166:17: error: ‘return_t’ does not name a type
../node_modules/nan/nan_new.h:182:17: error: ‘return_t’ does not name a type
../node_modules/nan/nan_new.h:183:17: error: ‘return_t’ does not name a type
In file included from ../node_modules/nan/nan_new.h:189:0,
                 from ../node_modules/nan/nan.h:188,
                 from ../src/bufferutil.cc:17:
../node_modules/nan/nan_implementation_12_inl.h:56:1: error: ‘return_t’ in ‘struct Nan::imp::Factory<v8::Date>’ does not name a type
../node_modules/nan/nan_implementation_12_inl.h: In static member function ‘static Nan::imp::FactoryBase<v8::Function>::return_t Nan::imp::Factory<v8::Function>::New(Nan::FunctionCallback, v8::Local<v8::Value>)’:
../node_modules/nan/nan_implementation_12_inl.h:90:46: error: ‘NewInstance’ was not declared in this scope
../node_modules/nan/nan_implementation_12_inl.h: In static member function ‘static Nan::imp::FactoryBase<v8::FunctionTemplate>::return_t Nan::imp::Factory<v8::FunctionTemplate>::New(Nan::FunctionCallback, v8::Local<v8::Value>, v8::Local<v8::Signature>)’:
../node_modules/nan/nan_implementation_12_inl.h:118:48: error: ‘NewInstance’ was not declared in this scope
../node_modules/nan/nan_implementation_12_inl.h: At global scope:
../node_modules/nan/nan_implementation_12_inl.h:197:1: error: ‘return_t’ in ‘struct Nan::imp::Factory<v8::RegExp>’ does not name a type
../node_modules/nan/nan_implementation_12_inl.h:216:1: error: ‘return_t’ in ‘struct Nan::imp::Factory<v8::Script>’ does not name a type
../node_modules/nan/nan_implementation_12_inl.h:222:1: error: ‘return_t’ in ‘struct Nan::imp::Factory<v8::Script>’ does not name a type
../node_modules/nan/nan_implementation_12_inl.h:254:1: error: ‘return_t’ in ‘struct Nan::imp::Factory<v8::String>’ does not name a type
../node_modules/nan/nan_implementation_12_inl.h:262:1: error: ‘return_t’ in ‘struct Nan::imp::Factory<v8::String>’ does not name a type
../node_modules/nan/nan_implementation_12_inl.h:268:1: error: ‘return_t’ in ‘struct Nan::imp::Factory<v8::String>’ does not name a type
../node_modules/nan/nan_implementation_12_inl.h:275:1: error: ‘return_t’ in ‘struct Nan::imp::Factory<v8::String>’ does not name a type
../node_modules/nan/nan_implementation_12_inl.h:281:1: error: ‘return_t’ in ‘struct Nan::imp::Factory<v8::String>’ does not name a type
../node_modules/nan/nan_implementation_12_inl.h:286:1: error: ‘return_t’ in ‘struct Nan::imp::Factory<v8::String>’ does not name a type
../node_modules/nan/nan_implementation_12_inl.h:347:1: error: ‘return_t’ in ‘struct Nan::imp::Factory<v8::UnboundScript>’ does not name a type
../node_modules/nan/nan_implementation_12_inl.h:354:1: error: ‘return_t’ in ‘struct Nan::imp::Factory<v8::UnboundScript>’ does not name a type
In file included from ../node_modules/nan/nan.h:188:0,
                 from ../src/bufferutil.cc:17:
../node_modules/nan/nan_new.h:291:1: error: ‘return_t’ in ‘struct Nan::imp::Factory<v8::String>’ does not name a type
../node_modules/nan/nan_new.h:297:1: error: ‘return_t’ in ‘struct Nan::imp::Factory<v8::String>’ does not name a type
../node_modules/nan/nan_new.h:303:1: error: ‘return_t’ in ‘struct Nan::imp::Factory<v8::String>’ does not name a type
../node_modules/nan/nan_new.h:309:1: error: ‘return_t’ in ‘struct Nan::imp::Factory<v8::String>’ does not name a type
../node_modules/nan/nan_new.h:315:1: error: ‘return_t’ in ‘struct Nan::imp::Factory<v8::String>’ does not name a type
../node_modules/nan/nan_new.h:321:1: error: ‘return_t’ in ‘struct Nan::imp::Factory<v8::String>’ does not name a type
../node_modules/nan/nan_new.h:327:1: error: ‘return_t’ in ‘struct Nan::imp::Factory<v8::RegExp>’ does not name a type
In file included from ../src/bufferutil.cc:17:0:
../node_modules/nan/nan.h: In function ‘v8::Local<v8::Value> Nan::Error(const char*)’:
../node_modules/nan/nan.h:639:3: error: ‘Nan::imp::FactoryBase<v8::Boolean>::return_t’ has no member named ‘ToLocalChecked’
../node_modules/nan/nan.h: In function ‘void Nan::ThrowError(const char*)’:
../node_modules/nan/nan.h:639:3: error: ‘Nan::imp::FactoryBase<v8::Boolean>::return_t’ has no member named ‘ToLocalChecked’
../node_modules/nan/nan.h: In function ‘v8::Local<v8::Value> Nan::RangeError(const char*)’:
../node_modules/nan/nan.h:640:3: error: ‘Nan::imp::FactoryBase<v8::Boolean>::return_t’ has no member named ‘ToLocalChecked’
../node_modules/nan/nan.h: In function ‘void Nan::ThrowRangeError(const char*)’:
../node_modules/nan/nan.h:640:3: error: ‘Nan::imp::FactoryBase<v8::Boolean>::return_t’ has no member named ‘ToLocalChecked’
../node_modules/nan/nan.h: In function ‘v8::Local<v8::Value> Nan::ReferenceError(const char*)’:
../node_modules/nan/nan.h:641:3: error: ‘Nan::imp::FactoryBase<v8::Boolean>::return_t’ has no member named ‘ToLocalChecked’
../node_modules/nan/nan.h: In function ‘void Nan::ThrowReferenceError(const char*)’:
../node_modules/nan/nan.h:641:3: error: ‘Nan::imp::FactoryBase<v8::Boolean>::return_t’ has no member named ‘ToLocalChecked’
../node_modules/nan/nan.h: In function ‘v8::Local<v8::Value> Nan::SyntaxError(const char*)’:
../node_modules/nan/nan.h:642:3: error: ‘Nan::imp::FactoryBase<v8::Boolean>::return_t’ has no member named ‘ToLocalChecked’
../node_modules/nan/nan.h: In function ‘void Nan::ThrowSyntaxError(const char*)’:
../node_modules/nan/nan.h:642:3: error: ‘Nan::imp::FactoryBase<v8::Boolean>::return_t’ has no member named ‘ToLocalChecked’
../node_modules/nan/nan.h: In function ‘v8::Local<v8::Value> Nan::TypeError(const char*)’:
../node_modules/nan/nan.h:643:3: error: ‘Nan::imp::FactoryBase<v8::Boolean>::return_t’ has no member named ‘ToLocalChecked’
../node_modules/nan/nan.h: In function ‘void Nan::ThrowTypeError(const char*)’:
../node_modules/nan/nan.h:643:3: error: ‘Nan::imp::FactoryBase<v8::Boolean>::return_t’ has no member named ‘ToLocalChecked’
../node_modules/nan/nan.h: At global scope:
../node_modules/nan/nan.h:651:14: error: ‘MaybeLocal’ does not name a type
../node_modules/nan/nan.h:673:14: error: ‘MaybeLocal’ does not name a type
../node_modules/nan/nan.h:689:14: error: ‘MaybeLocal’ does not name a type
../node_modules/nan/nan.h:702:14: error: ‘MaybeLocal’ does not name a type
../node_modules/nan/nan.h:719:14: error: ‘MaybeLocal’ does not name a type
../node_modules/nan/nan.h:725:14: error: ‘MaybeLocal’ does not name a type
../node_modules/nan/nan.h:733:14: error: ‘MaybeLocal’ does not name a type
../node_modules/nan/nan.h:740:14: error: ‘MaybeLocal’ does not name a type
../node_modules/nan/nan.h:746:14: error: ‘MaybeLocal’ does not name a type
../node_modules/nan/nan.h: In member function ‘void Nan::Callback::SetFunction(const v8::Local<v8::Function>&)’:
../node_modules/nan/nan.h:1366:40: error: ‘Set’ was not declared in this scope
../node_modules/nan/nan.h:1366:40: note: suggested alternative:
/home/eden/.node-gyp/4.2.6/include/node/v8.h:3021:17: note:   ‘v8::Set’
../node_modules/nan/nan.h: In member function ‘void Nan::AsyncWorker::SaveToPersistent(const char*, const v8::Local<v8::Value>&)’:
../node_modules/nan/nan.h:1488:41: error: ‘Nan::imp::FactoryBase<v8::Boolean>::return_t’ has no member named ‘ToLocalChecked’
../node_modules/nan/nan.h: In member function ‘v8::Local<v8::Value> Nan::AsyncWorker::GetFromPersistent(const char*) const’:
../node_modules/nan/nan.h:1506:45: error: ‘Nan::imp::FactoryBase<v8::Boolean>::return_t’ has no member named ‘ToLocalChecked’
../node_modules/nan/nan.h: In member function ‘virtual void Nan::AsyncWorker::HandleErrorCallback()’:
../node_modules/nan/nan.h:1540:58: error: no matching function for call to ‘New(const char*)’
../node_modules/nan/nan.h:1540:58: note: candidates are:
../node_modules/nan/nan_implementation_12_inl.h:390:21: note: template<class T, class M> v8::Local<T> Nan::New(const v8::Persistent<S, M>&)
../node_modules/nan/nan_implementation_12_inl.h:395:21: note: template<class T, class M> v8::Local<T> Nan::New(const Nan::Persistent<T, M>&)
../node_modules/nan/nan_new.h:201:1: note: template<class T> typename Nan::imp::Factory::return_t Nan::New()
../node_modules/nan/nan_new.h:207:1: note: template<class T, class A0> typename Nan::imp::Factory<T>::return_t Nan::New(A0)
../node_modules/nan/nan_new.h:213:1: note: template<class T, class A0, class A1> typename Nan::imp::Factory<T>::return_t Nan::New(A0, A1)
../node_modules/nan/nan_new.h:219:1: note: template<class T, class A0, class A1, class A2> typename Nan::imp::Factory<T>::return_t Nan::New(A0, A1, A2)
../node_modules/nan/nan_new.h:225:1: note: template<class T, class A0, class A1, class A2, class A3> typename Nan::imp::Factory<T>::return_t Nan::New(A0, A1, A2, A3)
../node_modules/nan/nan_new.h:237:1: note: template<class T> typename Nan::imp::Factory::return_t Nan::New(Nan::FunctionCallback, v8::Local<v8::Value>)
../node_modules/nan/nan_new.h:245:1: note: template<class T, class A2> typename Nan::imp::Factory<T>::return_t Nan::New(Nan::FunctionCallback, v8::Local<v8::Value>, A2)
../node_modules/nan/nan.h: In function ‘void Nan::SetMethod(const T&, const char*, Nan::FunctionCallback)’:
../node_modules/nan/nan.h:1829:16: error: there are no arguments to ‘GetFunction’ that depend on a template parameter, so a declaration of ‘GetFunction’ must be available [-fpermissive]
../node_modules/nan/nan.h:1829:16: note: (if you use ‘-fpermissive’, G++ will accept your code, but allowing the use of an undeclared name is deprecated)
../node_modules/nan/nan.h:1830:45: error: ‘Nan::imp::FactoryBase<v8::Boolean>::return_t’ has no member named ‘ToLocalChecked’
../node_modules/nan/nan.h: In function ‘void Nan::SetPrototypeMethod(v8::Local<v8::FunctionTemplate>, const char*, Nan::FunctionCallback)’:
../node_modules/nan/nan.h:1842:32: error: ‘GetFunction’ was not declared in this scope
../node_modules/nan/nan.h:1843:45: error: ‘Nan::imp::FactoryBase<v8::Boolean>::return_t’ has no member named ‘ToLocalChecked’
../node_modules/nan/nan.h: In function ‘void Nan::SetAccessor(v8::Local<v8::ObjectTemplate>, v8::Local<v8::String>, Nan::GetterCallback, Nan::SetterCallback, v8::Local<v8::Value>, v8::AccessControl, v8::PropertyAttribute, Nan::imp::Sig)’:
../node_modules/nan/nan.h:1868:47: error: ‘NewInstance’ was not declared in this scope
../node_modules/nan/nan.h: In function ‘bool Nan::SetAccessor(v8::Local<v8::Object>, v8::Local<v8::String>, Nan::GetterCallback, Nan::SetterCallback, v8::Local<v8::Value>, v8::AccessControl, v8::PropertyAttribute)’:
../node_modules/nan/nan.h:1911:51: error: ‘NewInstance’ was not declared in this scope
../node_modules/nan/nan.h: In function ‘void Nan::SetNamedPropertyHandler(v8::Local<v8::ObjectTemplate>, Nan::PropertyGetterCallback, Nan::PropertySetterCallback, Nan::PropertyQueryCallback, Nan::PropertyDeleterCallback, Nan::PropertyEnumeratorCallback, v8::Local<v8::Value>)’:
../node_modules/nan/nan.h:1959:47: error: ‘NewInstance’ was not declared in this scope
../node_modules/nan/nan.h: In function ‘void Nan::SetIndexedPropertyHandler(v8::Local<v8::ObjectTemplate>, Nan::IndexGetterCallback, Nan::IndexSetterCallback, Nan::IndexQueryCallback, Nan::IndexDeleterCallback, Nan::IndexEnumeratorCallback, v8::Local<v8::Value>)’:
../node_modules/nan/nan.h:2029:47: error: ‘NewInstance’ was not declared in this scope
In file included from ../src/bufferutil.cc:17:0:
../node_modules/nan/nan.h: In function ‘void Nan::Export(Nan::ADDON_REGISTER_FUNCTION_ARGS_TYPE, const char*, Nan::FunctionCallback)’:
../node_modules/nan/nan.h:2090:35: error: no matching function for call to ‘New(const char*&)’
../node_modules/nan/nan.h:2090:35: note: candidates are:
../node_modules/nan/nan_implementation_12_inl.h:390:21: note: template<class T, class M> v8::Local<T> Nan::New(const v8::Persistent<S, M>&)
../node_modules/nan/nan_implementation_12_inl.h:395:21: note: template<class T, class M> v8::Local<T> Nan::New(const Nan::Persistent<T, M>&)
../node_modules/nan/nan_new.h:201:1: note: template<class T> typename Nan::imp::Factory::return_t Nan::New()
../node_modules/nan/nan_new.h:207:1: note: template<class T, class A0> typename Nan::imp::Factory<T>::return_t Nan::New(A0)
../node_modules/nan/nan_new.h:213:1: note: template<class T, class A0, class A1> typename Nan::imp::Factory<T>::return_t Nan::New(A0, A1)
../node_modules/nan/nan_new.h:219:1: note: template<class T, class A0, class A1, class A2> typename Nan::imp::Factory<T>::return_t Nan::New(A0, A1, A2)
../node_modules/nan/nan_new.h:225:1: note: template<class T, class A0, class A1, class A2, class A3> typename Nan::imp::Factory<T>::return_t Nan::New(A0, A1, A2, A3)
../node_modules/nan/nan_new.h:237:1: note: template<class T> typename Nan::imp::Factory::return_t Nan::New(Nan::FunctionCallback, v8::Local<v8::Value>)
../node_modules/nan/nan_new.h:245:1: note: template<class T, class A2> typename Nan::imp::Factory<T>::return_t Nan::New(Nan::FunctionCallback, v8::Local<v8::Value>, A2)
../node_modules/nan/nan.h:2091:47: error: ‘GetFunction’ was not declared in this scope
../node_modules/nan/nan.h:2091:65: error: ‘Set’ was not declared in this scope
../node_modules/nan/nan.h:2091:65: note: suggested alternative:
/home/eden/.node-gyp/4.2.6/include/node/v8.h:3021:17: note:   ‘v8::Set’
../node_modules/nan/nan.h: In constructor ‘Nan::Tap::Tap(v8::Local<v8::Value>)’:
../node_modules/nan/nan.h:2098:30: error: no matching function for call to ‘To(v8::Local<v8::Value>&)’
../node_modules/nan/nan.h:2098:30: note: candidate is:
../node_modules/nan/nan_converters.h:53:38: note: template<class T> typename Nan::imp::ToFactory::return_t Nan::To(v8::Local<v8::Value>)
../node_modules/nan/nan.h: In member function ‘void Nan::Tap::ok(bool, const char*)’:
../node_modules/nan/nan.h:2111:33: error: ‘Nan::imp::FactoryBase<v8::Boolean>::return_t’ has no member named ‘ToLocalChecked’
../node_modules/nan/nan.h: In member function ‘void Nan::Tap::pass(const char*)’:
../node_modules/nan/nan.h:2117:30: error: ‘Nan::imp::FactoryBase<v8::Boolean>::return_t’ has no member named ‘ToLocalChecked’
../src/bufferutil.cc: At global scope:
../src/bufferutil.cc:26:30: error: ‘v8::Handle’ has not been declared
../src/bufferutil.cc:26:36: error: expected ‘,’ or ‘...’ before ‘<’ token
../src/bufferutil.cc: In static member function ‘static void BufferUtil::Initialize(int)’:
../src/bufferutil.cc:34:5: error: ‘Set’ is not a member of ‘Nan’
../src/bufferutil.cc:34:5: note: suggested alternatives:
/home/eden/.node-gyp/4.2.6/include/node/v8.h:3021:17: note:   ‘v8::Set’
/home/eden/.node-gyp/4.2.6/include/node/v8.h:3021:17: note:   ‘v8::Set’
../src/bufferutil.cc:34:14: error: ‘target’ was not declared in this scope
../src/bufferutil.cc:34:51: error: no matching function for call to ‘New(const char [11])’
../src/bufferutil.cc:34:51: note: candidates are:
../node_modules/nan/nan_implementation_12_inl.h:390:21: note: template<class T, class M> v8::Local<T> Nan::New(const v8::Persistent<S, M>&)
../node_modules/nan/nan_implementation_12_inl.h:395:21: note: template<class T, class M> v8::Local<T> Nan::New(const Nan::Persistent<T, M>&)
../node_modules/nan/nan_new.h:201:1: note: template<class T> typename Nan::imp::Factory::return_t Nan::New()
../node_modules/nan/nan_new.h:207:1: note: template<class T, class A0> typename Nan::imp::Factory<T>::return_t Nan::New(A0)
../node_modules/nan/nan_new.h:213:1: note: template<class T, class A0, class A1> typename Nan::imp::Factory<T>::return_t Nan::New(A0, A1)
../node_modules/nan/nan_new.h:219:1: note: template<class T, class A0, class A1, class A2> typename Nan::imp::Factory<T>::return_t Nan::New(A0, A1, A2)
../node_modules/nan/nan_new.h:225:1: note: template<class T, class A0, class A1, class A2, class A3> typename Nan::imp::Factory<T>::return_t Nan::New(A0, A1, A2, A3)
../node_modules/nan/nan_new.h:237:1: note: template<class T> typename Nan::imp::Factory::return_t Nan::New(Nan::FunctionCallback, v8::Local<v8::Value>)
../node_modules/nan/nan_new.h:245:1: note: template<class T, class A2> typename Nan::imp::Factory<T>::return_t Nan::New(Nan::FunctionCallback, v8::Local<v8::Value>, A2)
../src/bufferutil.cc: At global scope:
../src/bufferutil.cc:115:12: error: variable or field ‘init’ declared void
../src/bufferutil.cc:115:12: error: ‘Handle’ was not declared in this scope
../src/bufferutil.cc:115:25: error: expected primary-expression before ‘>’ token
../src/bufferutil.cc:115:27: error: ‘target’ was not declared in this scope
../src/bufferutil.cc:121:1: error: ‘init’ was not declared in this scope
virtual memory exhausted: Cannot allocate memory
make: *** [Release/obj.target/bufferutil/src/bufferutil.o] Error 1
gyp ERR! build error 
gyp ERR! stack Error: `make` failed with exit code: 2
gyp ERR! stack     at ChildProcess.onExit (/usr/lib/node_modules/npm/node_modules/node-gyp/lib/build.js:270:23)
gyp ERR! stack     at emitTwo (events.js:87:13)
gyp ERR! stack     at ChildProcess.emit (events.js:172:7)
gyp ERR! stack     at Process.ChildProcess._handle.onexit (internal/child_process.js:200:12)
gyp ERR! System Linux 3.13.0-66-generic
gyp ERR! command "/usr/bin/nodejs" "/usr/lib/node_modules/npm/node_modules/node-gyp/bin/node-gyp.js" "rebuild"
gyp ERR! cwd /home/azureuser/notesy/ibm/speech-to-text-nodejs/node_modules/watson-developer-cloud/node_modules/websocket
gyp ERR! node -v v4.2.6
gyp ERR! node-gyp -v v3.0.3
gyp ERR! not ok 
